[0m21:04:11.312027 [debug] [MainThread]: Sending event: {'category': 'dbt', 'action': 'invocation', 'label': 'start', 'context': [<snowplow_tracker.self_describing_json.SelfDescribingJson object at 0x7fa6dcf822a0>, <snowplow_tracker.self_describing_json.SelfDescribingJson object at 0x7fa6dbeebec0>, <snowplow_tracker.self_describing_json.SelfDescribingJson object at 0x7fa6dc606840>]}


============================== 21:04:11.314898 | b3a61ec3-1fed-40bc-8aae-0a9926233c0c ==============================
[0m21:04:11.314898 [info ] [MainThread]: Running with dbt=1.11.6
[0m21:04:11.315410 [debug] [MainThread]: running dbt with arguments {'send_anonymous_usage_stats': 'True', 'invocation_command': 'dbt init', 'log_cache_events': 'False', 'fail_fast': 'False', 'indirect_selection': 'eager', 'use_colors': 'True', 'no_print': 'None', 'log_path': 'logs', 'profiles_dir': '/home/sherwin/.dbt', 'introspect': 'True', 'partial_parse': 'True', 'static_parser': 'True', 'debug': 'False', 'printer_width': '80', 'log_format': 'default', 'quiet': 'False', 'use_experimental_parser': 'False', 'cache_selected_only': 'False', 'target_path': 'None', 'empty': 'None', 'write_json': 'True', 'warn_error_options': 'WarnErrorOptionsV2(error=[], warn=[], silence=[])', 'warn_error': 'None', 'version_check': 'True'}
[0m21:04:14.471330 [debug] [MainThread]: Starter project path: /home/sherwin/Projects/ecommerce_dbt/.venv/lib/python3.12/site-packages/dbt/include/starter_project
[0m21:04:14.479519 [info ] [MainThread]: 
Your new dbt project "ecommerce" was created!

For more information on how to configure the profiles.yml file,
please consult the dbt documentation here:

  https://docs.getdbt.com/docs/configure-your-profile

One more thing:

Need help? Don't hesitate to reach out to us via GitHub issues or on Slack:

  https://community.getdbt.com/

Happy modeling!

[0m21:04:14.481321 [info ] [MainThread]: Setting up your profile.
[0m21:04:17.727914 [debug] [MainThread]: Spark adapter: Setting pyhive.hive logging to ERROR
[0m21:04:17.728323 [debug] [MainThread]: Spark adapter: Setting thrift.transport logging to ERROR
[0m21:04:17.728704 [debug] [MainThread]: Spark adapter: Setting thrift.protocol logging to ERROR
[0m21:05:09.415115 [error] [MainThread]: Encountered an error:
list index out of range
[0m21:05:09.509371 [error] [MainThread]: Traceback (most recent call last):
  File "/home/sherwin/Projects/ecommerce_dbt/.venv/lib/python3.12/site-packages/dbt/cli/requires.py", line 182, in wrapper
    result, success = func(*args, **kwargs)
                      ^^^^^^^^^^^^^^^^^^^^^
  File "/home/sherwin/Projects/ecommerce_dbt/.venv/lib/python3.12/site-packages/dbt/cli/requires.py", line 128, in wrapper
    return func(*args, **kwargs)
           ^^^^^^^^^^^^^^^^^^^^^
  File "/home/sherwin/Projects/ecommerce_dbt/.venv/lib/python3.12/site-packages/dbt/cli/main.py", line 483, in init
    results = task.run()
              ^^^^^^^^^^
  File "/home/sherwin/Projects/ecommerce_dbt/.venv/lib/python3.12/site-packages/dbt/task/init.py", line 346, in run
    self.setup_profile(profile_name)
  File "/home/sherwin/Projects/ecommerce_dbt/.venv/lib/python3.12/site-packages/dbt/task/init.py", line 262, in setup_profile
    self.create_profile_from_target(adapter, profile_name=profile_name)
  File "/home/sherwin/Projects/ecommerce_dbt/.venv/lib/python3.12/site-packages/dbt/task/init.py", line 179, in create_profile_from_target
    self.create_profile_from_profile_template(profile_template, profile_name)
  File "/home/sherwin/Projects/ecommerce_dbt/.venv/lib/python3.12/site-packages/dbt/task/init.py", line 163, in create_profile_from_profile_template
    target = self.generate_target_from_input(prompts, initial_target)
             ^^^^^^^^^^^^^^^^^^^^^^^^^^^^^^^^^^^^^^^^^^^^^^^^^^^^^^^^
  File "/home/sherwin/Projects/ecommerce_dbt/.venv/lib/python3.12/site-packages/dbt/task/init.py", line 114, in generate_target_from_input
    choice = option_list[numeric_choice - 1]
             ~~~~~~~~~~~^^^^^^^^^^^^^^^^^^^^
IndexError: list index out of range

[0m21:05:09.510183 [debug] [MainThread]: Resource report: {"command_name": "init", "command_success": false, "command_wall_clock_time": 58.260685, "process_in_blocks": "112", "process_kernel_time": 0.129013, "process_mem_max_rss": "239412", "process_out_blocks": "72", "process_user_time": 3.132215}
[0m21:05:09.510821 [debug] [MainThread]: Command `dbt init` failed at 21:05:09.510730 after 58.26 seconds
[0m21:05:09.511148 [debug] [MainThread]: Sending event: {'category': 'dbt', 'action': 'invocation', 'label': 'end', 'context': [<snowplow_tracker.self_describing_json.SelfDescribingJson object at 0x7fa6daf6c9e0>, <snowplow_tracker.self_describing_json.SelfDescribingJson object at 0x7fa6b82157f0>, <snowplow_tracker.self_describing_json.SelfDescribingJson object at 0x7fa6b331f800>]}
[0m21:05:09.511535 [debug] [MainThread]: Flushing usage events
[0m21:05:10.913086 [debug] [MainThread]: An error was encountered while trying to flush usage events
[0m21:09:40.515705 [debug] [MainThread]: Sending event: {'category': 'dbt', 'action': 'invocation', 'label': 'start', 'context': [<snowplow_tracker.self_describing_json.SelfDescribingJson object at 0x7f75befb9730>, <snowplow_tracker.self_describing_json.SelfDescribingJson object at 0x7f75bdd07a40>, <snowplow_tracker.self_describing_json.SelfDescribingJson object at 0x7f75bd86ae70>]}


============================== 21:09:40.590768 | b1cf6b64-bd80-4a1f-91d4-ad497e7b0265 ==============================
[0m21:09:40.590768 [info ] [MainThread]: Running with dbt=1.11.6
[0m21:09:40.592914 [debug] [MainThread]: running dbt with arguments {'invocation_command': 'dbt debug', 'quiet': 'False', 'partial_parse': 'True', 'version_check': 'True', 'indirect_selection': 'eager', 'empty': 'None', 'no_print': 'None', 'printer_width': '80', 'use_colors': 'True', 'profiles_dir': '/home/sherwin/.dbt', 'warn_error_options': 'WarnErrorOptionsV2(error=[], warn=[], silence=[])', 'target_path': 'None', 'use_experimental_parser': 'False', 'log_cache_events': 'False', 'introspect': 'True', 'debug': 'False', 'send_anonymous_usage_stats': 'True', 'cache_selected_only': 'False', 'log_path': 'logs', 'fail_fast': 'False', 'write_json': 'True', 'log_format': 'default', 'static_parser': 'True', 'warn_error': 'None'}
[0m21:09:40.774487 [info ] [MainThread]: dbt version: 1.11.6
[0m21:09:40.776535 [info ] [MainThread]: python version: 3.12.13
[0m21:09:40.777848 [info ] [MainThread]: python path: /home/sherwin/Projects/ecommerce_dbt/.venv/bin/python3
[0m21:09:40.779006 [info ] [MainThread]: os info: Linux-6.19.11-arch1-1-x86_64-with-glibc2.43
[0m21:09:40.795885 [info ] [MainThread]: Error importing adapter: No module named 'dbt.adapters.snowflake'
[0m21:09:40.797197 [info ] [MainThread]: Using profiles dir at /home/sherwin/.dbt
[0m21:09:40.798050 [info ] [MainThread]: Using profiles.yml file at /home/sherwin/.dbt/profiles.yml
[0m21:09:40.798732 [info ] [MainThread]: Using dbt_project.yml file at /home/sherwin/Projects/ecommerce_dbt/dbt_project.yml
[0m21:09:40.799375 [info ] [MainThread]: Configuration:
[0m21:09:40.799999 [info ] [MainThread]:   profiles.yml file [[31mERROR invalid[0m]
[0m21:09:40.800618 [info ] [MainThread]:   dbt_project.yml file [[31mERROR not found[0m]
[0m21:09:40.801226 [info ] [MainThread]: Required dependencies:
[0m21:09:40.801972 [debug] [MainThread]: Executing "git --help"
[0m21:09:40.804813 [debug] [MainThread]: STDOUT: "b"usage: git [-v | --version] [-h | --help] [-C <path>] [-c <name>=<value>]\n           [--exec-path[=<path>]] [--html-path] [--man-path] [--info-path]\n           [-p | --paginate | -P | --no-pager] [--no-replace-objects] [--no-lazy-fetch]\n           [--no-optional-locks] [--no-advice] [--bare] [--git-dir=<path>]\n           [--work-tree=<path>] [--namespace=<name>] [--config-env=<name>=<envvar>]\n           <command> [<args>]\n\nThese are common Git commands used in various situations:\n\nstart a working area (see also: git help tutorial)\n   clone      Clone a repository into a new directory\n   init       Create an empty Git repository or reinitialize an existing one\n\nwork on the current change (see also: git help everyday)\n   add        Add file contents to the index\n   mv         Move or rename a file, a directory, or a symlink\n   restore    Restore working tree files\n   rm         Remove files from the working tree and from the index\n\nexamine the history and state (see also: git help revisions)\n   bisect     Use binary search to find the commit that introduced a bug\n   diff       Show changes between commits, commit and working tree, etc\n   grep       Print lines matching a pattern\n   log        Show commit logs\n   show       Show various types of objects\n   status     Show the working tree status\n\ngrow, mark and tweak your common history\n   backfill   Download missing objects in a partial clone\n   branch     List, create, or delete branches\n   commit     Record changes to the repository\n   merge      Join two or more development histories together\n   rebase     Reapply commits on top of another base tip\n   reset      Set `HEAD` or the index to a known state\n   switch     Switch branches\n   tag        Create, list, delete or verify tags\n\ncollaborate (see also: git help workflows)\n   fetch      Download objects and refs from another repository\n   pull       Fetch from and integrate with another repository or a local branch\n   push       Update remote refs along with associated objects\n\n'git help -a' and 'git help -g' list available subcommands and some\nconcept guides. See 'git help <command>' or 'git help <concept>'\nto read about a specific subcommand or concept.\nSee 'git help git' for an overview of the system.\n""
[0m21:09:40.805511 [debug] [MainThread]: STDERR: "b''"
[0m21:09:40.805999 [info ] [MainThread]:  - git [[32mOK found[0m]

[0m21:09:40.806531 [info ] [MainThread]: Connection test skipped since no profile was found
[0m21:09:40.807167 [info ] [MainThread]: [31m2 checks failed:[0m
[0m21:09:40.807698 [info ] [MainThread]: Could not load dbt_project.yml
Profile loading failed for the following reason:
Runtime Error
  Credentials in profile "snowflake", target "dev" invalid: Runtime Error
    Could not find adapter type snowflake!


[0m21:09:40.808317 [info ] [MainThread]: Project loading failed for the following reason:
 project path </home/sherwin/Projects/ecommerce_dbt/dbt_project.yml> not found

[0m21:09:40.809151 [debug] [MainThread]: Resource report: {"command_name": "debug", "command_success": false, "command_wall_clock_time": 0.38182175, "process_in_blocks": "65768", "process_kernel_time": 0.171183, "process_mem_max_rss": "103084", "process_out_blocks": "72", "process_user_time": 1.907139}
[0m21:09:40.809764 [debug] [MainThread]: Command `dbt debug` failed at 21:09:40.809633 after 0.38 seconds
[0m21:09:40.810249 [debug] [MainThread]: Sending event: {'category': 'dbt', 'action': 'invocation', 'label': 'end', 'context': [<snowplow_tracker.self_describing_json.SelfDescribingJson object at 0x7f75be0486b0>, <snowplow_tracker.self_describing_json.SelfDescribingJson object at 0x7f75be048da0>, <snowplow_tracker.self_describing_json.SelfDescribingJson object at 0x7f75bd369070>]}
[0m21:09:40.810886 [debug] [MainThread]: Flushing usage events
[0m21:09:42.081593 [debug] [MainThread]: An error was encountered while trying to flush usage events
